android/app/build/outputs/mapping/release/seeds.txt
com.example.bnm_edu.MainActivity
com.example.bnm_edu.MainActivity: MainActivity()
...
org.chromium.support_lib_boundary.WebViewProviderFactoryBoundaryInterface: java.lang.reflect.InvocationHandler getProxyController()
io.flutter.plugins.sharedpreferences.SharedPreferencesPlugin$setString$1: java.lang.Object invoke(java.lang.Object,java.lang.Object)
io.flutter.view.FlutterView: void pushRoute(java.lang.String)
io.flutter.embedding.engine.renderer.FlutterRenderer$ImageReaderSurfaceProducer: void disableFenceForTest()
androidx.appcompat.widget.AppCompatImageButton: void setImageDrawable(android.graphics.drawable.Drawable)
androidx.fragment.app.Fragment: void performActivityCreated(android.os.Bundle)
androidx.core.view.ViewCompat$Api29Impl: void setSystemGestureExclusionRects(android.view.View,java.util.List)
io.flutter.app.FlutterActivityDelegate: boolean onBackPressed()
io.flutter.plugins.imagepicker.Messages$GeneralOptions$Builder: io.flutter.plugins.imagepicker.Messages$GeneralOptions$Builder setUsePhotoPicker(java.lang.Boolean)
androidx.appcompat.view.menu.ListMenuItemView: void setGroupDividerEnabled(boolean)
io.flutter.util.ViewUtils: ViewUtils()
io.flutter.plugin.platform.PlatformPlugin: void access$500(io.flutter.plugin.platform.PlatformPlugin)
io.flutter.embedding.engine.deferredcomponents.PlayStoreDeferredComponentManager: void setDeferredComponentChannel(io.flutter.embedding.engine.systemchannels.DeferredComponentChannel)
androidx.datastore.preferences.protobuf.Writer$FieldOrder: androidx.datastore.preferences.protobuf.Writer$FieldOrder[] values()
io.flutter.plugins.imagepicker.ImageResizer: androidx.core.util.SizeFCompat readFileDimensions(java.lang.String)
io.flutter.plugins.imagepicker.Messages$ImagePickerApi$1: void success(java.util.List)
io.flutter.plugin.platform.PlatformView: void dispose()
io.flutter.embedding.engine.systemchannels.PlatformChannel$PlatformMessageHandler: boolean clipboardHasStrings()
kotlin.coroutines.jvm.internal.BaseContinuationImpl: kotlin.coroutines.Continuation create(java.lang.Object,kotlin.coroutines.Continuation)
org.chromium.support_lib_boundary.DropDataContentProviderBoundaryInterface: android.os.Bundle call(java.lang.String,java.lang.String,android.os.Bundle)
io.flutter.embedding.engine.plugins.FlutterPlugin$FlutterAssets: java.lang.String getAssetFilePathByName(java.lang.String,java.lang.String)
io.flutter.embedding.engine.systemchannels.MouseCursorChannel: void setMethodHandler(io.flutter.embedding.engine.systemchannels.MouseCursorChannel$MouseCursorMethodHandler)
io.flutter.plugins.webviewflutter.WebViewProxyApi$WebViewPlatformView: android.webkit.WebChromeClient getWebChromeClient()
io.flutter.plugins.imagepicker.ImagePickerDelegate: void lambda$onActivityResult$3(int,android.content.Intent)
io.flutter.embedding.android.FlutterSurfaceView$1: void surfaceChanged(android.view.SurfaceHolder,int,int,int)
io.flutter.plugins.imagepicker.Messages$CacheRetrievalError: void setCode(java.lang.String)
io.flutter.plugins.webviewflutter.PigeonApiWebSettings: io.flutter.plugins.webviewflutter.AndroidWebkitLibraryPigeonProxyApiRegistrar getPigeonRegistrar()
io.flutter.plugins.sharedpreferences.SharedPreferencesAsyncApi$Companion: void setUp(io.flutter.plugin.common.BinaryMessenger,io.flutter.plugins.sharedpreferences.SharedPreferencesAsyncApi,java.lang.String)
io.flutter.embedding.engine.renderer.FlutterRenderer$SurfaceTextureRegistryEntry: void setOnFrameConsumedListener(io.flutter.view.TextureRegistry$OnFrameConsumedListener)
io.flutter.view.AccessibilityBridge: boolean lambda$shouldSetCollectionInfo$0(io.flutter.view.AccessibilityBridge$SemanticsNode,io.flutter.view.AccessibilityBridge$SemanticsNode)
io.flutter.plugin.common.EventChannel$IncomingStreamRequestHandler$EventSinkImplementation: EventChannel$IncomingStreamRequestHandler$EventSinkImplementation(io.flutter.plugin.common.EventChannel$IncomingStreamRequestHandler)
androidx.core.app.ActivityCompat$Api23Impl: boolean shouldShowRequestPermissionRationale(android.app.Activity,java.lang.String)