android/app/build/outputs/mapping/release/mapping.txt
# compiler: R8
# compiler_version: 8.3.37
# min_api: 21
# common_typos_disable
# {"id":"com.android.tools.r8.mapping","version":"2.2"}
# pg_map_id: 8832e3f
# pg_map_hash: SHA-256 8832e3f5f6b0c5f49f995192f5b094de3085a55a2df651a1140361573ce38357
com.example.bnm_edu.MainActivity -> com.example.bnm_edu.MainActivity:
# {"id":"sourceFile","fileName":"MainActivity.kt"}
...
androidx.core.view.WindowInsetsControllerCompat -> I.j0:
# {"id":"sourceFile","fileName":"WindowInsetsControllerCompat.java"}
    androidx.core.view.WindowInsetsControllerCompat$Impl mImpl -> a
      # {"id":"com.android.tools.r8.residualsignature","signature":"LI/j0$e;"}
    1:49:void <init>(android.view.Window,android.view.View):0:0 -> <init>
    1:6:void setAppearanceLightNavigationBars(boolean):0:0 -> a
    1:6:void setAppearanceLightStatusBars(boolean):0:0 -> b
androidx.core.view.WindowInsetsControllerCompat$Impl -> I.j0$e:
# {"id":"sourceFile","fileName":"WindowInsetsControllerCompat.java"}
    void <init>() -> <init>
      # {"id":"com.android.tools.r8.synthesized"}
    1:1:void setAppearanceLightNavigationBars(boolean):0:0 -> a
    1:1:void setAppearanceLightStatusBars(boolean):0:0 -> b
androidx.core.view.WindowInsetsControllerCompat$Impl20 -> I.j0$a:
# {"id":"sourceFile","fileName":"WindowInsetsControllerCompat.java"}
    android.view.Window mWindow -> a
    androidx.core.view.SoftwareKeyboardControllerCompat mSoftwareKeyboardControllerCompat -> b
      # {"id":"com.android.tools.r8.residualsignature","signature":"LI/A;"}
    1:8:void <init>(android.view.Window,androidx.core.view.SoftwareKeyboardControllerCompat):0:0 -> <init>
      # {"id":"com.android.tools.r8.residualsignature","signature":"(Landroid/view/Window;LI/A;)V"}
    1:15:void setSystemUiFlag(int):0:0 -> c
    1:6:void setWindowFlag(int):0:0 -> d
    1:16:void unsetSystemUiFlag(int):0:0 -> e
    1:6:void unsetWindowFlag(int):0:0 -> f
androidx.core.view.WindowInsetsControllerCompat$Impl23 -> I.j0$b:
# {"id":"sourceFile","fileName":"WindowInsetsControllerCompat.java"}
    1:4:void <init>(android.view.Window,androidx.core.view.SoftwareKeyboardControllerCompat):0:0 -> <init>
      # {"id":"com.android.tools.r8.residualsignature","signature":"(Landroid/view/Window;LI/A;)V"}
    1:22:void setAppearanceLightStatusBars(boolean):0:0 -> b
androidx.core.view.WindowInsetsControllerCompat$Impl26 -> I.j0$c:
# {"id":"sourceFile","fileName":"WindowInsetsControllerCompat.java"}
    1:4:void <init>(android.view.Window,androidx.core.view.SoftwareKeyboardControllerCompat):0:0 -> <init>
      # {"id":"com.android.tools.r8.residualsignature","signature":"(Landroid/view/Window;LI/A;)V"}
    1:22:void setAppearanceLightNavigationBars(boolean):0:0 -> a
androidx.core.view.WindowInsetsControllerCompat$Impl30 -> I.j0$d:
# {"id":"sourceFile","fileName":"WindowInsetsControllerCompat.java"}
    androidx.core.view.WindowInsetsControllerCompat mCompatController -> a
      # {"id":"com.android.tools.r8.residualsignature","signature":"LI/j0;"}
    android.view.WindowInsetsController mInsetsController -> b
    androidx.core.view.SoftwareKeyboardControllerCompat mSoftwareKeyboardControllerCompat -> c
      # {"id":"com.android.tools.r8.residualsignature","signature":"LI/A;"}
    androidx.collection.SimpleArrayMap mListeners -> d
      # {"id":"com.android.tools.r8.residualsignature","signature":"Lu/f;"}
    android.view.Window mWindow -> e
    1:1:void <init>(android.view.Window,androidx.core.view.WindowInsetsControllerCompat,androidx.core.view.SoftwareKeyboardControllerCompat):0:0 -> <init>
      # {"id":"com.android.tools.r8.residualsignature","signature":"(Landroid/view/Window;LI/j0;LI/A;)V"}
    2:2:void <init>(android.view.WindowInsetsController,androidx.core.view.WindowInsetsControllerCompat,androidx.core.view.SoftwareKeyboardControllerCompat):0:0 -> <init>
      # {"id":"com.android.tools.r8.residualsignature","signature":"(Landroid/view/WindowInsetsController;LI/j0;LI/A;)V"}
    1:31:void setAppearanceLightNavigationBars(boolean):0:0 -> a
    1:33:void setAppearanceLightStatusBars(boolean):0:0 -> b
    1:15:void setSystemUiFlag(int):0:0 -> c
    1:16:void unsetSystemUiFlag(int):0:0 -> d